100
0 0 1 2 3 4 5 6 7 8 9 10 11 12 13 14 15 16 17 18 19 20 21 22 23 24 25 26 27 28 29 30 31 32 33 
1 0 1 2 3 4 5 6 7 8 9 10 11 12 13 14 15 16 17 18 19 20 21 22 23 24 25 26 27 28 29 30 31 32 33 
2 0 1 2 3 4 5 6 7 8 9 10 11 12 13 14 15 16 17 18 19 20 21 22 23 24 25 26 27 28 29 30 31 32 33 
3 0 1 2 3 4 5 6 7 8 9 10 11 12 13 14 15 16 17 18 19 20 21 22 23 24 25 26 27 28 29 30 31 32 33 
4 0 1 2 3 4 5 6 7 8 9 10 11 12 13 14 15 16 17 18 19 20 21 22 23 24 25 26 27 28 29 30 31 32 33 
5 0 1 2 3 4 5 6 7 8 9 10 11 12 13 14 15 16 17 18 19 20 21 22 23 24 25 26 27 28 29 30 31 32 33 
6 0 1 2 3 4 5 6 7 8 9 10 11 12 13 14 15 16 17 18 19 20 21 22 23 24 25 26 27 28 29 30 31 32 33 
7 0 1 2 3 4 5 6 7 8 9 10 11 12 13 14 15 16 17 18 19 20 21 22 23 24 25 26 27 28 29 30 31 32 33 
8 0 1 2 3 4 5 6 7 9 26 12 10 14 22 15 13 19 8 17 41 11 65 88 85 75 37 25 40 50 76 24 52 21 54 
9 0 1 2 3 4 5 6 7 8 9 10 11 12 13 14 15 16 17 18 19 20 21 22 23 24 25 26 27 28 29 30 31 32 33 
10 0 1 2 3 4 5 6 7 8 9 10 11 12 13 14 15 16 17 18 19 20 21 22 23 24 25 26 27 28 29 30 31 32 33 
11 0 1 2 3 4 5 6 7 8 9 10 11 12 13 14 15 16 17 18 19 20 21 22 23 24 25 26 27 28 29 30 31 32 33 
12 0 1 2 3 4 5 6 9 10 7 20 19 12 8 16 11 14 23 32 17 28 88 47 18 26 22 121 49 54 31 39 13 35 45 
13 0 1 2 3 4 5 6 7 8 9 10 11 12 13 14 15 16 17 18 19 20 21 22 23 24 25 26 27 28 29 30 31 32 33 
14 0 1 2 3 4 5 6 7 8 9 10 11 12 13 14 15 16 17 18 19 20 21 22 23 24 25 26 27 28 29 30 31 32 33 
15 0 1 2 3 4 5 6 7 8 9 10 11 12 13 14 15 16 17 18 19 20 21 22 23 24 25 26 27 28 29 30 31 32 33 
16 0 1 2 3 4 5 6 7 8 9 10 11 12 13 14 15 16 17 18 19 20 21 22 23 24 25 26 27 28 29 30 31 32 33 
17 0 1 2 3 4 5 6 7 8 9 10 11 12 13 14 15 16 17 18 19 20 21 22 23 24 25 26 27 28 29 30 31 32 33 
18 0 1 2 3 4 5 6 7 8 9 10 11 12 13 14 15 16 17 18 19 20 21 22 23 24 25 26 27 28 29 30 31 32 33 
19 0 1 2 3 4 5 6 7 8 9 10 11 12 13 14 15 16 17 18 19 20 21 22 23 24 25 26 27 28 29 30 31 32 33 
20 0 1 2 3 4 5 6 7 8 9 10 11 12 13 14 15 16 17 18 19 20 21 22 23 24 25 26 27 28 29 30 31 32 33 
21 0 1 2 3 4 5 6 7 8 9 10 11 12 13 14 15 16 17 18 19 20 21 22 23 24 25 26 27 28 29 30 31 32 33 
22 0 1 2 4 3 6 5 7 8 9 11 15 12 10 17 16 14 13 23 18 29 28 22 26 46 20 40 32 33 38 21 47 27 
23 0 1 2 3 4 5 6 7 8 9 10 11 12 13 14 15 16 17 18 19 20 21 22 23 24 25 26 27 28 29 30 31 32 33 
24 0 1 2 3 4 5 6 7 8 9 10 11 12 13 14 15 16 17 18 19 20 21 22 23 24 25 26 27 28 29 30 31 32 33 
25 0 1 2 3 4 6 5 8 7 12 10 9 14 20 17 15 18 22 21 33 19 64 16 82 13 26 44 50 47 40 27 11 101 
26 0 1 2 3 4 5 6 7 8 9 10 11 12 13 14 15 16 17 18 19 20 21 22 23 24 25 26 27 28 29 30 31 32 33 
27 0 1 2 3 4 5 6 7 8 9 10 11 12 13 14 15 16 17 18 19 20 21 22 23 24 25 26 27 28 29 30 31 32 33 
28 0 1 2 3 4 5 6 7 8 9 10 11 12 13 14 15 16 17 18 19 20 21 22 23 24 25 26 27 28 29 30 31 32 33 
29 0 1 2 3 4 5 6 7 8 9 10 11 12 13 14 15 16 17 18 19 20 21 22 23 24 25 26 27 28 29 30 31 32 33 
30 0 1 2 3 4 5 6 7 8 9 10 11 12 13 14 15 16 17 18 19 20 21 22 23 24 25 26 27 28 29 30 31 32 33 
31 0 1 2 3 4 5 6 7 8 9 10 11 12 13 14 15 16 17 18 19 20 21 22 23 24 25 26 27 28 29 30 31 32 33 
32 0 1 2 3 4 5 6 7 8 9 10 11 12 13 14 15 16 17 18 19 20 21 22 23 24 25 26 27 28 29 30 31 32 33 
33 0 1 2 3 4 5 6 7 8 9 10 11 12 13 14 15 16 17 18 19 20 21 22 23 24 25 26 27 28 29 30 31 32 33 
34 0 1 2 3 4 5 6 7 8 9 10 11 12 13 14 15 16 17 18 19 20 21 22 23 24 25 26 27 28 29 30 31 32 33 
35 0 1 2 3 4 5 6 7 8 9 10 11 12 13 14 15 16 17 18 19 20 21 22 23 24 25 26 27 28 29 30 31 32 33 
36 0 1 2 3 4 5 6 7 8 9 10 11 12 13 14 15 16 17 18 19 20 21 22 23 24 25 26 27 28 29 30 31 32 33 
37 0 1 2 3 4 5 6 7 8 9 10 11 12 13 14 15 16 17 18 19 20 21 22 23 24 25 26 27 28 29 30 31 32 33 
38 0 1 2 3 4 5 6 7 8 9 10 11 12 13 14 15 16 17 18 19 20 21 22 23 24 25 26 27 28 29 30 31 32 33 
39 0 1 2 3 5 6 4 7 9 8 26 14 13 16 10 12 33 32 18 34 17 50 23 11 42 25 21 35 22 19 56 48 
40 0 1 2 3 4 5 6 7 8 9 10 11 12 13 14 15 16 17 18 19 20 21 22 23 24 25 26 27 28 29 30 31 32 33 
41 0 1 2 4 3 7 6 5 9 14 8 10 12 11 16 52 17 39 25 13 24 18 40 20 33 15 63 35 64 37 26 31 
42 0 1 2 3 6 4 8 5 11 7 13 18 15 26 27 29 20 9 37 30 10 17 118 34 19 35 58 293 62 12 14 25 48 40 16 
43 0 1 2 3 4 5 6 7 8 9 10 11 12 13 14 15 16 17 18 19 20 21 22 23 24 25 26 27 28 29 30 31 32 33 
44 0 1 2 3 4 5 6 7 8 9 10 11 12 13 14 15 16 17 18 19 20 21 22 23 24 25 26 27 28 29 30 31 32 33 
45 0 1 2 3 6 4 5 7 11 8 10 20 15 9 17 26 12 16 28 25 23 52 21 35 19 64 109 31 13 50 37 58 51 97 
46 0 1 2 4 3 5 9 8 22 12 6 7 25 20 23 24 110 13 18 19 27 130 11 51 142 28 54 17 53 55 83 14 493 47 
47 0 1 2 3 4 5 6 7 8 9 10 11 12 13 14 15 16 17 18 19 20 21 22 23 24 25 26 27 28 29 30 31 32 33 
48 0 1 2 6 3 5 4 7 13 8 19 9 10 16 20 34 15 11 30 21 17 33 39 14 48 79 25 74 71 12 68 103 
49 0 1 2 3 4 5 6 7 8 9 10 11 12 13 14 15 16 17 18 19 20 21 22 23 24 25 26 27 28 29 30 31 32 33 
50 0 1 2 3 4 5 6 7 8 9 10 11 12 13 14 15 16 17 18 19 20 21 22 23 24 25 26 27 28 29 30 31 32 33 
51 0 1 2 3 4 5 6 7 11 10 12 8 9 13 14 45 18 21 17 24 35 15 22 28 20 64 16 26 27 117 33 30 41 34 143 
52 0 1 2 3 4 5 6 7 8 9 10 11 12 13 14 15 16 17 18 19 20 21 22 23 24 25 26 27 28 29 30 31 32 33 
53 0 1 2 3 4 5 6 7 8 9 10 11 12 13 14 15 16 17 18 19 20 21 22 23 24 25 26 27 28 29 30 31 32 33 
54 0 1 2 3 5 4 8 6 7 10 18 15 14 13 9 12 24 16 29 20 39 19 27 32 55 11 21 144 22 59 23 53 42 45 
55 0 1 2 3 4 5 8 6 7 11 10 9 14 15 13 12 17 30 16 18 27 19 21 26 20 24 37 25 49 115 34 55 28 80 58 23 88 126 117 
56 0 1 2 3 4 5 6 7 8 9 10 11 12 13 14 15 16 17 18 19 20 21 22 23 24 25 26 27 28 29 30 31 32 33 
57 0 1 2 3 4 5 6 7 8 9 10 11 12 13 14 15 16 17 18 19 20 21 22 23 24 25 26 27 28 29 30 31 32 33 
58 0 1 2 3 4 5 6 7 8 9 10 11 12 13 14 15 16 17 18 19 20 21 22 23 24 25 26 27 28 29 30 31 32 33 
59 0 1 2 3 4 5 6 7 8 9 10 11 12 13 14 15 16 17 18 19 20 21 22 23 24 25 26 27 28 29 30 31 32 33 
60 0 1 2 3 4 5 6 7 8 9 10 11 12 13 14 15 16 17 18 19 20 21 22 23 24 25 26 27 28 29 30 31 32 33 
61 0 1 2 3 4 5 6 7 8 9 10 11 12 13 14 15 16 17 18 19 20 21 22 23 24 25 26 27 28 29 30 31 32 33 
62 0 1 2 5 3 8 4 7 6 12 17 16 13 10 9 56 28 11 31 15 19 22 26 14 53 21 37 112 27 36 55 20 29 41 498 34 
63 0 1 2 3 4 5 9 6 7 13 8 12 14 11 15 10 55 16 44 22 20 21 19 33 36 45 59 29 26 23 99 82 17 
64 0 1 2 3 4 5 6 7 8 9 10 11 12 13 14 15 16 17 18 19 20 21 22 23 24 25 26 27 28 29 30 31 32 33 
65 0 1 2 4 19 3 5 9 7 20 10 8 14 11 12 17 30 16 44 15 38 13 32 63 6 93 234 18 478 31 35 60 27 23 57 81 444 
66 0 1 2 3 4 5 6 7 8 9 10 11 12 13 14 15 16 17 18 19 20 21 22 23 24 25 26 27 28 29 30 31 32 33 
67 0 1 2 3 4 5 6 10 8 9 7 18 11 22 12 13 17 14 23 29 19 16 21 24 20 15 42 37 33 34 25 46 27 
68 0 1 2 3 4 5 6 7 8 9 10 11 12 13 14 15 16 17 18 19 20 21 22 23 24 25 26 27 28 29 30 31 32 33 
69 0 1 2 3 4 5 6 7 8 9 10 11 12 13 14 15 16 17 18 19 20 21 22 23 24 25 26 27 28 29 30 31 32 33 
70 0 1 2 3 4 5 6 7 8 9 10 11 12 13 14 15 16 17 18 19 20 21 22 23 24 25 26 27 28 29 30 31 32 33 
71 0 1 2 3 4 5 6 7 8 9 10 11 12 13 14 15 16 17 18 19 20 21 22 23 24 25 26 27 28 29 30 31 32 33 
72 0 1 2 6 4 3 8 12 5 15 10 11 9 23 13 25 54 26 55 21 46 70 24 22 14 114 17 7 18 19 91 246 180 
73 0 1 2 3 4 5 6 7 8 9 10 11 12 13 14 15 16 17 18 19 20 21 22 23 24 25 26 27 28 29 30 31 32 33 
74 0 1 2 3 4 5 6 9 8 10 14 7 12 13 11 15 21 24 17 16 25 19 46 32 39 33 57 18 22 62 73 45 23 53 
75 0 1 2 3 4 6 8 7 14 11 5 12 9 10 16 13 69 23 35 15 33 24 28 49 174 31 147 75 41 43 20 155 87 
76 0 1 2 3 4 5 6 7 10 9 13 8 12 14 16 24 11 20 22 19 39 18 26 17 23 30 34 35 47 32 27 28 66 
77 0 1 2 3 4 5 6 7 8 9 10 11 12 13 14 15 16 17 18 19 20 21 22 23 24 25 26 27 28 29 30 31 32 33 
78 0 1 2 4 3 6 5 7 8 9 12 14 10 17 11 13 24 16 19 18 21 22 35 34 15 25 40 32 46 29 20 36 45 
79 0 1 2 3 4 6 7 5 8 9 12 15 11 10 17 13 20 21 24 18 14 19 16 30 28 32 58 25 63 51 27 37 43 38 57 60 50 
80 0 1 2 3 13 6 5 4 10 7 17 11 8 24 9 25 20 19 63 36 32 16 38 18 14 29 15 111 50 33 77 107 95 
81 0 1 4 3 2 7 10 5 11 17 6 8 12 34 15 21 25 14 22 40 35 9 32 19 27 65 46 28 168 26 39 16 749 38 
82 0 1 2 3 4 5 6 12 14 7 10 9 15 16 13 29 8 21 22 170 24 19 36 11 31 51 27 40 35 67 62 63 44 1610 64 20 199 
83 0 1 2 3 4 5 7 6 11 8 10 9 12 13 21 19 14 20 18 17 25 16 32 31 41 28 39 56 44 52 15 35 43 
84 0 1 2 3 4 5 7 6 12 8 10 9 14 15 16 13 11 20 18 22 21 17 26 31 24 19 27 29 32 28 36 23 25 33 
85 0 1 2 3 4 9 6 5 7 8 10 19 14 20 17 15 33 23 18 11 31 29 25 24 13 42 35 30 56 59 28 40 21 
86 0 1 3 2 4 5 7 9 6 10 8 19 14 18 28 12 20 16 17 82 21 30 23 11 13 91 31 15 22 47 44 32 74 38 34 
87 0 1 2 3 4 5 6 7 13 9 25 12 8 10 14 11 16 26 18 19 28 20 15 31 17 22 23 24 33 21 36 88 27 34 35 
88 0 1 2 3 4 5 6 7 8 9 10 11 12 13 14 15 16 17 18 19 20 21 22 23 24 25 26 27 28 29 30 31 32 33 
89 0 1 2 3 4 5 6 7 8 10 11 9 13 16 23 15 17 14 19 12 24 35 21 27 18 34 36 28 22 48 39 71 26 38 
90 0 1 2 3 4 5 6 7 8 9 11 10 12 14 15 17 19 13 23 21 20 16 27 28 24 25 18 22 35 32 33 29 42 37 26 30 
91 0 1 3 5 2 4 7 6 8 14 17 16 25 13 9 30 12 35 22 33 41 52 38 27 70 66 23 78 20 19 67 54 46 18 455 55 
92 0 1 2 3 6 4 7 5 8 11 15 9 17 12 10 16 14 18 13 22 20 24 27 41 21 25 57 31 26 23 19 35 34 49 38 30 
93 0 1 2 3 4 5 7 6 8 11 12 9 17 10 15 14 18 20 13 26 27 16 49 35 33 37 24 50 21 30 19 36 25 46 
94 0 1 2 3 5 6 10 4 7 8 9 23 11 13 12 14 15 21 16 18 33 22 37 29 19 26 32 43 20 34 47 45 
95 0 1 2 3 4 6 5 8 9 11 10 7 12 13 14 16 18 28 15 22 19 20 23 29 25 26 21 43 54 34 24 45 84 
96 0 1 2 3 4 5 6 8 7 10 9 11 15 17 12 13 20 14 16 21 19 22 18 29 38 26 23 28 25 33 58 31 24 37 131 27 30 
97 0 1 2 4 3 6 5 7 8 9 10 12 11 13 17 15 16 14 20 21 34 18 24 19 22 45 28 27 23 26 33 25 46 32 
98 0 1 2 3 4 6 5 7 9 11 8 15 12 10 13 16 17 14 20 18 25 26 28 29 40 19 34 27 32 55 41 23 24 22 38 
99 0 1 2 3 5 4 7 6 8 9 15 12 10 14 11 19 18 13 25 16 17 20 24 39 22 21 23 38 36 29 27 30 32 26 28 
